[20:16:26] [main/INFO]: Loading Minecraft 1.20.4 with Fabric Loader 0.16.12
[20:16:26] [ForkJoinPool-1-worker-3/WARN]: Mod tectonic uses the version 2.3.5b which isn't compatible with Loader's extended semantic version format (Could not parse version number component '5b'!), SemVer is recommended for reliably evaluating dependencies and prioritizing newer version
[20:16:27] [ForkJoinPool-1-worker-4/WARN]: Mod cpm uses the version 0.6.24a which isn't compatible with Loader's extended semantic version format (Could not parse version number component '24a'!), SemVer is recommended for reliably evaluating dependencies and prioritizing newer version
[20:16:27] [ForkJoinPool-1-worker-1/WARN]: Mod travelersbackpack uses the version fabric-1.20.4-9.4.6 which isn't compatible with Loader's extended semantic version format (Could not parse version number component 'fabric'!), SemVer is recommended for reliably evaluating dependencies and prioritizing newer version
[20:16:27] [ForkJoinPool-1-worker-4/WARN]: Mod underground_rooms uses the version fabric-1.1.6 which isn't compatible with Loader's extended semantic version format (Could not parse version number component 'fabric'!), SemVer is recommended for reliably evaluating dependencies and prioritizing newer version
[20:16:27] [main/WARN]: Warnings were found!
 - Mod 'Bridging Mod' (bridgingmod) 2.4.0+1.20.4 recommends version 9.0.0 or later of modmenu, which is missing!
	 - You should install version 9.0.0 or later of modmenu for the optimal experience.
 - Mod 'Naturally Trimmed' (naturally_trimmed) 3.0.8 recommends version 9.2.0-beta.2 or later of modmenu, which is missing!
	 - You should install version 9.2.0-beta.2 or later of modmenu for the optimal experience.
 - Mod 'Naturally Trimmed' (naturally_trimmed) 3.0.8 recommends version 3.6.6+1.20.4-fabric or later of yet_another_config_lib_v3, which is missing!
	 - You should install version 3.6.6+1.20.4-fabric or later of yet_another_config_lib_v3 for the optimal experience.
[20:16:27] [main/INFO]: Loading 200 mods:
	- accessories 1.0.0-alpha.25+1.20.4
	- ad_astra 1.16.5
	   \-- javazoom_jlayer 1.0.1
	- ad_astra_giselle_addon 7.2
	- additionalstructures 4.2.2
	- annotateddi 4.0.8+1.20.4
	   |-- aopalliance_aopalliance 1.0
	   |-- com_google_inject_guice 6.0.0
	   |-- jakarta_inject_jakarta_inject-api 2.0.1
	   \-- javax_inject_javax_inject 1
	- appleskin 2.5.1+mc1.20.3
	- architectury 11.1.17
	- attributefix 24.0.2
	- balm-fabric 9.0.9
	- betterdeserttemples 1.20.4-Fabric-3.4.4
	   \-- org_reflections_reflections 0.10.2
	- betterdungeons 1.20.4-Fabric-4.4.4
	   \-- org_reflections_reflections 0.10.2
	- betterendisland 1.20.4-Fabric-2.4.3
	   \-- org_reflections_reflections 0.10.2
	- betterjungletemples 1.20.4-Fabric-2.4.4
	   \-- org_reflections_reflections 0.10.2
	- bettermineshafts 1.20.4-Fabric-4.4.2
	   \-- org_reflections_reflections 0.10.2
	- betteroceanmonuments 1.20.4-Fabric-3.4.3
	   \-- org_reflections_reflections 0.10.2
	- betterstrongholds 1.20.4-Fabric-4.4.3
	   \-- org_reflections_reflections 0.10.2
	- betterwitchhuts 1.20.4-Fabric-3.4.3
	   \-- org_reflections_reflections 0.10.2
	- biomesoplenty 19.0.0.89
	- bookshelf 23.1.11
	- botarium 3.2.2
	   \-- team_reborn_energy 3.0.0
	- bridgingmod 2.4.0+1.20.4
	- carryon 2.1.3
	- cicada 0.14.2+1.20.2-1.20.4
	   \-- org_yaml_snakeyaml 2.2
	- cloth-config 13.0.138
	   \-- cloth-basic-math 0.6.1
	- clumps 15.0.0.2
	- cobweb 1.0.1
	- collective 7.64
	- coroutil 1.20.4-1.3.7
	- cpm 0.6.24a
	- cristellib 1.2.4
	   \-- blue_endless_jankson 1.2.3
	- ctov 3.4.10
	- darksmelting 1.0.7
	- doubledoors 5.8
	- easyanvils 20.4.6
	- entityculling 1.8.2
	   |-- transition 1.0.3
	   \-- trender 1.0.5
	- fabric-api 0.97.3+1.20.4
	   |-- fabric-api-base 0.4.37+78d798af4f
	   |-- fabric-api-lookup-api-v1 1.6.50+82b1bb3e4f
	   |-- fabric-biome-api-v1 13.0.17+78d798af4f
	   |-- fabric-block-api-v1 1.0.17+3e2216cb4f
	   |-- fabric-block-view-api-v2 1.0.5+78d798af4f
	   |-- fabric-blockrenderlayer-v1 1.1.47+78d798af4f
	   |-- fabric-client-tags-api-v1 1.1.8+78d798af4f
	   |-- fabric-command-api-v1 1.2.42+f71b366f4f
	   |-- fabric-command-api-v2 2.2.21+78d798af4f
	   |-- fabric-commands-v0 0.2.59+df3654b34f
	   |-- fabric-containers-v0 0.1.88+df3654b34f
	   |-- fabric-content-registries-v0 5.0.16+78d798af4f
	   |-- fabric-convention-tags-v1 1.5.11+78d798af4f
	   |-- fabric-crash-report-info-v1 0.2.24+78d798af4f
	   |-- fabric-data-attachment-api-v1 1.1.5+b90db5744f
	   |-- fabric-data-generation-api-v1 13.2.6+5c0133444f
	   |-- fabric-dimensions-v1 2.1.63+6605d1a84f
	   |-- fabric-entity-events-v1 1.6.2+09fc25014f
	   |-- fabric-events-interaction-v0 0.7.2+389931eb4f
	   |-- fabric-events-lifecycle-v0 0.2.76+df3654b34f
	   |-- fabric-game-rule-api-v1 1.0.47+78d798af4f
	   |-- fabric-item-api-v1 2.3.1+cadc140c4f
	   |-- fabric-item-group-api-v1 4.0.27+ee30b13a4f
	   |-- fabric-key-binding-api-v1 1.0.42+78d798af4f
	   |-- fabric-keybindings-v0 0.2.40+df3654b34f
	   |-- fabric-lifecycle-events-v1 2.3.1+a67ffb5d4f
	   |-- fabric-loot-api-v2 2.1.10+78d798af4f
	   |-- fabric-message-api-v1 6.0.6+78d798af4f
	   |-- fabric-mining-level-api-v1 2.1.66+78d798af4f
	   |-- fabric-model-loading-api-v1 1.0.9+78d798af4f
	   |-- fabric-models-v0 0.4.8+9386d8a74f
	   |-- fabric-networking-api-v1 3.1.9+6abb6a4b4f
	   |-- fabric-object-builder-api-v1 13.1.0+dba1195c4f
	   |-- fabric-particles-v1 1.1.8+78d798af4f
	   |-- fabric-recipe-api-v1 2.0.22+78d798af4f
	   |-- fabric-registry-sync-v0 4.0.21+ee30b13a4f
	   |-- fabric-renderer-api-v1 3.2.5+78d798af4f
	   |-- fabric-renderer-indigo 1.5.6+d331d3144f
	   |-- fabric-renderer-registries-v1 3.2.54+df3654b34f
	   |-- fabric-rendering-data-attachment-v1 0.3.43+73761d2e4f
	   |-- fabric-rendering-fluids-v1 3.1.2+e761c6694f
	   |-- fabric-rendering-v0 1.1.57+df3654b34f
	   |-- fabric-rendering-v1 3.2.1+6fd945a04f
	   |-- fabric-resource-conditions-api-v1 2.3.15+78d798af4f
	   |-- fabric-resource-loader-v0 0.11.21+ee30b13a4f
	   |-- fabric-screen-api-v1 2.0.18+78d798af4f
	   |-- fabric-screen-handler-api-v1 1.3.57+78d798af4f
	   |-- fabric-sound-api-v1 1.0.18+78d798af4f
	   |-- fabric-transfer-api-v1 4.0.12+90f2d7b14f
	   \-- fabric-transitive-access-wideners-v1 5.0.15+78d798af4f
	- fabric-language-kotlin 1.13.6+kotlin.2.2.20
	   |-- org_jetbrains_kotlin_kotlin-reflect 2.2.20
	   |-- org_jetbrains_kotlin_kotlin-stdlib 2.2.20
	   |-- org_jetbrains_kotlin_kotlin-stdlib-jdk7 2.2.20
	   |-- org_jetbrains_kotlin_kotlin-stdlib-jdk8 2.2.20
	   |-- org_jetbrains_kotlinx_atomicfu-jvm 0.29.0
	   |-- org_jetbrains_kotlinx_kotlinx-coroutines-core-jvm 1.10.2
	   |-- org_jetbrains_kotlinx_kotlinx-coroutines-jdk8 1.10.2
	   |-- org_jetbrains_kotlinx_kotlinx-datetime-jvm 0.7.1
	   |-- org_jetbrains_kotlinx_kotlinx-io-bytestring-jvm 0.8.0
	   |-- org_jetbrains_kotlinx_kotlinx-io-core-jvm 0.8.0
	   |-- org_jetbrains_kotlinx_kotlinx-serialization-cbor-jvm 1.9.0
	   |-- org_jetbrains_kotlinx_kotlinx-serialization-core-jvm 1.9.0
	   \-- org_jetbrains_kotlinx_kotlinx-serialization-json-jvm 1.9.0
	- fabricloader 0.16.12
	   \-- mixinextras 0.4.1
	- fastpaintings 1.20.4-1.2.9
	- ferritecore 6.0.3
	- fireplacelib 7.1.6+1.20.4
	- forgeconfigapiport 20.4.3
	- forgivingvoid 12.0.1
	- ftbessentials 2004.1.3
	- ftblibrary 2004.2.4
	- glitchcore 1.0.0.59
	   |-- com_electronwill_night-config_core 3.6.7
	   |-- com_electronwill_night-config_toml 3.6.7
	   \-- net_jodah_typetools 0.6.3
	- globalxp 1.11
	- handcrafted 3.2.1
	- harvest_with_ease 9.4.0
	- healingbed 1.20.1
	- hide_item_frame 1.1.2
	- hungrier 1.0
	- imst 2.1.0
	- infinitetrading 4.4
	- inventorysorter 1.9.0-1.20.4
	   \-- kyrptconfig 1.5.8-1.20.4
	- jade 13.3.1
	- java 21
	- jei 17.3.1.5
	- justenoughprofessions 3.2.0
	- justzoom 2.0.0
	- konkrete 1.9.2
	- linearxp 1.0.1
	- lithostitched 1.1.8
	- lmft 1.0.2+1.20
	- mcwlights 1.1.2
	- mcwpaintings 1.0.5
	- mes 1.4.6-1.20-fabric
	- midnightlib 1.5.3
	- minecraft 1.20.4
	- mns 1.0.3-1.20-fabric
	- modernfix 5.17.0+mc1.20.4
	- moonlight 1.20.4-2.10.3
	- mr_hero_proof 5.2.1
	- mss 1.2.7-1.20-fabric
	- mvs 4.1.5-1.20-fabric
	- naturally_trimmed 3.0.8
	   |-- org_quiltmc_parsers_gson 0.3.1
	   \-- org_quiltmc_parsers_json 0.3.1
	- naturescompass 1.20.4-2.2.3-fabric
	- packetfixer 3.3.0
	- philipsruins 1.20.4
	- pickupnotifier 20.4.2
	- ping-wheel 1.11.1
	- playeranimator 1.0.2-rc1+1.20.4
	- polymorph 0.51.0+1.20.4
	   |-- cardinal-components-base 5.4.0
	   |-- cardinal-components-block 5.4.0
	   |-- cardinal-components-entity 5.4.0
	   \-- cardinal-components-item 5.4.0
	- puzzleslib 20.4.52
	- radiantgear 3.0.0+1.20.4
	- repurposed_structures 7.3.5+1.20.4-fabric
	- resourcefulconfig 2.4.8
	- resourcefullib 2.4.10
	   |-- com_teamresourceful_bytecodecs 1.0.2
	   \-- com_teamresourceful_yabn 1.0.3
	- servercore 1.5.0+1.20.4
	   |-- org_yaml_snakeyaml 2.2
	   |-- placeholder-api 2.3.0+1.20.3
	   |-- space_arim_dazzleconf_dazzleconf-core 1.3.0-M2
	   \-- space_arim_dazzleconf_dazzleconf-ext-snakeyaml 1.3.0-M2
	- showmeyourskin 1.11.0+1.20.4
	   |-- cardinal-components-base 5.4.0
	   \-- cardinal-components-entity 5.4.0
	- skinrestorer 2.4.3+1.20.3-fabric
	   \-- org_mineskin_java-client 3.0.6-SNAPSHOT
	- smallships 2.0.0-b1.4
	- sparsestructures 2.2.0
	- supermartijn642corelib 1.1.18+a
	- t_and_t 1.13.1
	- tbim 1.0.1
	- tclayer 3.8.1-alpha.12
	   |-- cardinal-components-base 5.4.0
	   \-- cardinal-components-entity 5.4.0
	- tectonic 2.3.5b
	- terrablender 3.3.0.12
	   |-- com_electronwill_night-config_core 3.6.7
	   \-- com_electronwill_night-config_toml 3.6.7
	- terralith 2.5.4
	- the_bumblezone 7.5.3+1.20.4-fabric
	   |-- athena 3.3.0
	   |-- cardinal-components-base 5.4.0
	   |-- cardinal-components-entity 5.4.0
	   \-- noindium 1.1.0+1.20.4
	- torchesntrinkets 0.2.1-1.20.1-4
	- trade_cycling 1.20.4-1.0.7
	   |-- fabric-key-binding-api-v1 1.0.39+f4b7e42432
	   \-- fabric-screen-api-v1 2.0.15+f6e85ac232
	- trashcans 1.0.18
	   \-- team_reborn_energy 3.0.0
	- travelersbackpack fabric-1.20.4-9.4.6
	   \-- reach-entity-attributes 2.5.0
	- treeharvester 8.7
	- underground_rooms fabric-1.1.6
	- visualworkbench 20.4.2
	- watut 1.20.4-1.1.3
	- waystones 16.0.5
	- yigd 2.2.0
	   |-- fabric-permissions-api-v0 0.3.1
	   \-- libgui 9.2.2+1.20.2
	        |-- jankson 6.0.0+j1.2.3
	        \-- libninepatch 1.2.0
	- yungsapi 1.20.4-Fabric-4.4.3
	   |-- org_javassist_javassist 3.29.2-GA
	   \-- org_reflections_reflections 0.10.2
	- yungsbridges 1.20.4-Fabric-4.4.2
	   \-- org_reflections_reflections 0.10.2
	- yungsextras 1.20.4-Fabric-4.4.2
	   \-- org_reflections_reflections 0.10.2
[20:16:27] [main/INFO]: SpongePowered MIXIN Subsystem Version=0.8.7 Source=file:/workspaces/metaserver1/servidor_minecraft/libraries/net/fabricmc/sponge-mixin/0.15.4+mixin.0.8.7/sponge-mixin-0.15.4+mixin.0.8.7.jar Service=Knot/Fabric Env=SERVER
[20:16:27] [main/INFO]: Compatibility level set to JAVA_17
[20:16:28] [main/WARN]: Reference map 'coroutil.refmap.json' for coroutil_fabric.mixins.json could not be read. If this is a development environment you can ignore this message
[20:16:28] [main/WARN]: Reference map '[common]ctov-common-refmap.json' for ctov-common.mixins.json could not be read. If this is a development environment you can ignore this message
[20:16:28] [main/WARN]: Reference map 'fastpaintings-fabric-refmap.json' for fastpaintings.mixins.json could not be read. If this is a development environment you can ignore this message
[20:16:28] [main/WARN]: Reference map 'ForgeConfigAPIPort-Common-refmap.json' for forgeconfigapiport.common.mixins.json could not be read. If this is a development environment you can ignore this message
[20:16:28] [main/WARN]: Reference map 'harvest_with_ease.refmap.json' for harvest_with_ease.mixins.json could not be read. If this is a development environment you can ignore this message
[20:16:28] [main/WARN]: Reference map 'harvest_with_ease.refmap.json' for harvest_with_ease.fabric.mixins.json could not be read. If this is a development environment you can ignore this message
[20:16:28] [main/WARN]: Reference map 'lmft-fabric-refmap.json' for lmft.mixins.json could not be read. If this is a development environment you can ignore this message
[20:16:28] [main/INFO]: Loaded configuration file for ModernFix 5.17.0+mc1.20.4: 54 options available, 0 override(s) found
[20:16:28] [main/INFO]: Applying Nashorn fix
[20:16:28] [main/INFO]: Packet Fixer fabric 1.20.2-1.20.4 has been applied successfully.
[20:16:28] [main/WARN]: Reference map 'pickupnotifier.fabric.refmap.json' for pickupnotifier.fabric.mixins.json could not be read. If this is a development environment you can ignore this message
[20:16:28] [main/WARN]: Reference map 'trashcans.mixins.refmap.json' for trashcans.mixins.json could not be read. If this is a development environment you can ignore this message
[20:16:28] [main/WARN]: Reference map 'visualworkbench.common.refmap.json' for visualworkbench.common.mixins.json could not be read. If this is a development environment you can ignore this message
[20:16:28] [main/WARN]: Reference map 'visualworkbench.fabric.refmap.json' for visualworkbench.fabric.mixins.json could not be read. If this is a development environment you can ignore this message
[20:16:28] [main/WARN]: Reference map 'yungsextras.refmap.json' for yungsextras.mixins.json could not be read. If this is a development environment you can ignore this message
[20:16:28] [main/WARN]: Reference map 'yungsextras.refmap.json' for yungsextras_fabric.mixins.json could not be read. If this is a development environment you can ignore this message
[20:16:29] [main/WARN]: Error loading class: net/fabricmc/fabric/api/client/rendering/v1/EntityModelLayerRegistry$TexturedModelDataProvider (java.lang.ClassNotFoundException: net/fabricmc/fabric/api/client/rendering/v1/EntityModelLayerRegistry$TexturedModelDataProvider)
[20:16:29] [main/INFO]: Initializing MixinExtras via com.llamalad7.mixinextras.service.MixinExtrasServiceImpl(version=0.4.1).
[20:16:31] [main/WARN]: @ModifyVariable(@At("INVOKE")) Shift.BY=2 on accessories-fabric.mixins.json:LivingEntityMixin from mod accessories::localvar$zza000$accessories$adjustLooting exceeds the maximum allowed value: 0. Increase the value of maxShiftBy to suppress this warning.
[20:16:33] [main/WARN]: Static binding violation: PRIVATE @Overwrite method method_21740 in modernfix-common.mixins.json:perf.remove_biome_temperature_cache.BiomeMixin from mod modernfix cannot reduce visibiliy of PUBLIC target method, visibility will be upgraded.
[20:16:35] [main/INFO]: Vanilla bootstrap took 5249 milliseconds
[20:16:35] [main/INFO]: fabric loader environment detected
[20:16:36] [main/INFO]: Registered Trinkets Reloaded Listeners
[20:16:38] [main/INFO]: Reflections took 48 ms to scan 1 urls, producing 1 keys and 2 values
[20:16:38] [main/INFO]: Reflections took 3 ms to scan 1 urls, producing 1 keys and 2 values
[20:16:38] [main/INFO]: Reflections took 3 ms to scan 1 urls, producing 1 keys and 3 values
[20:16:38] [main/INFO]: Reflections took 2 ms to scan 1 urls, producing 1 keys and 3 values
[20:16:38] [main/INFO]: Reflections took 1 ms to scan 1 urls, producing 1 keys and 2 values
[20:16:38] [main/INFO]: Reflections took 0 ms to scan 1 urls, producing 1 keys and 2 values
[20:16:38] [main/INFO]: Reflections took 1 ms to scan 1 urls, producing 1 keys and 3 values
[20:16:38] [main/INFO]: Reflections took 1 ms to scan 1 urls, producing 1 keys and 3 values
[20:16:38] [main/INFO]: Reflections took 1 ms to scan 1 urls, producing 1 keys and 2 values
[20:16:38] [main/INFO]: Reflections took 2 ms to scan 1 urls, producing 1 keys and 2 values
[20:16:38] [main/INFO]: Reflections took 1 ms to scan 1 urls, producing 1 keys and 1 values
[20:16:38] [main/INFO]: Reflections took 0 ms to scan 1 urls, producing 1 keys and 1 values
[20:16:38] [main/INFO]: Reflections took 2 ms to scan 1 urls, producing 1 keys and 2 values
[20:16:38] [main/INFO]: Reflections took 1 ms to scan 1 urls, producing 1 keys and 2 values
[20:16:38] [main/WARN]: WARNING: block Block{minecraft:coal_ore} added to BlockStateRandomizer exceeds max probabiltiy of 1!
[20:16:39] [main/INFO]: Reflections took 2 ms to scan 1 urls, producing 1 keys and 1 values
[20:16:39] [main/INFO]: Reflections took 0 ms to scan 1 urls, producing 1 keys and 1 values
[20:16:39] [main/INFO]: Fixing MC-151457. Crafting remainder for minecraft:pufferfish_bucket is now minecraft:bucket.
[20:16:39] [main/INFO]: Fixing MC-151457. Crafting remainder for minecraft:salmon_bucket is now minecraft:bucket.
[20:16:39] [main/INFO]: Fixing MC-151457. Crafting remainder for minecraft:cod_bucket is now minecraft:bucket.
[20:16:39] [main/INFO]: Fixing MC-151457. Crafting remainder for minecraft:tropical_fish_bucket is now minecraft:bucket.
[20:16:39] [main/INFO]: Fixing MC-151457. Crafting remainder for minecraft:axolotl_bucket is now minecraft:bucket.
[20:16:39] [main/INFO]: Fixing MC-151457. Crafting remainder for minecraft:powder_snow_bucket is now minecraft:bucket.
[20:16:39] [main/INFO]: Fixing MC-151457. Crafting remainder for minecraft:tadpole_bucket is now minecraft:bucket.
[20:16:39] [main/INFO]: Loading Collective version 7.64.
[20:16:39] [main/INFO]: Customizable Player Models Initialized
[20:16:39] [main/INFO]: Customizable Player Models API initialized: Loaded plugins: (0)

[20:16:39] [main/INFO]: Constructing common components for easyanvils:main
[20:16:39] [main/INFO]: Loading common config for easyanvils
[20:16:39] [Thread-2/INFO]: Reloading common config for easyanvils
[20:16:39] [Thread-2/INFO]: Reloading common config for easyanvils
[20:16:39] [main/INFO]: Registering C2S receiver with id ftblibrary:edit_nbt_response
[20:16:39] [main/INFO]: Bypassed Mojang DFU
[20:16:39] [main/INFO]: Instantiating Mojang DFU
[20:16:40] [main/ERROR]: No data fixer registered for anomaly
[20:16:40] [main/INFO]: Initializing HealingbedMod
[20:16:40] [main/WARN]: [JUST ZOOM] Disabling 'Just Zoom' since it's a client-side mod and current environment is server!
[20:16:40] [main/INFO]: [KONKRETE] Loading v1.9.2 in server-side mode on FABRIC!
[20:16:40] [main/INFO]: ---------------------------
[20:16:40] [main/INFO]: KONKRETE SHIPS AND USES THE FOLLOWING LIBRARIES:
[20:16:40] [main/INFO]:  
[20:16:40] [main/INFO]: Open Imaging Copyright © 2014 Dhyan Blum.
[20:16:40] [main/INFO]: Open Imaging is licensed under Apache-2.0.
[20:16:40] [main/INFO]:  
[20:16:40] [main/INFO]: JsonPath Copyright © 2017 Jayway.
[20:16:40] [main/INFO]: JsonPath is licensed under Apache-2.0.
[20:16:40] [main/INFO]:  
[20:16:40] [main/INFO]: Json-smart Copyright © netplex.
[20:16:40] [main/INFO]: Json-smart is licensed under Apache-2.0.
[20:16:40] [main/INFO]:  
[20:16:40] [main/INFO]: Exp4j Copyright © Frank Asseg.
[20:16:40] [main/INFO]: Exp4j is licensed under Apache-2.0. https://github.com/fasseg/exp4j
[20:16:40] [main/INFO]: ---------------------------
[20:16:40] [main/INFO]: [KONKRETE] Server-side modules initialized and ready to use!
[20:16:40] [main/INFO]: [LMFT]: Loaded Config File!
[20:16:40] [main/INFO]: Loading Naturally Trimmed config from config file
[20:16:40] [main/INFO]: Constructing common components for pickupnotifier:main
[20:16:40] [main/INFO]: [Ping-Wheel] Init
[20:16:40] [main/INFO]: [Ping-Wheel] Loaded ServerConfig(defaultChannelMode=auto, playerTrackingEnabled=true, msToRegenerate=1000, rateLimit=5)
[20:16:40] [main/INFO]: Constructing common components for puzzleslib:main
[20:16:40] [main/INFO]: [ServerCore] Loaded V1.5.0+1.20.4!
[20:16:41] [main/INFO]: Registered region minecraft:overworld to index 0 for type OVERWORLD
[20:16:41] [main/INFO]: Registered region minecraft:nether to index 0 for type NETHER
[20:16:41] [main/INFO]: Registered region biomesoplenty:overworld_primary to index 1 for type OVERWORLD
[20:16:41] [main/INFO]: Registered region biomesoplenty:overworld_secondary to index 2 for type OVERWORLD
[20:16:41] [main/INFO]: Registered region biomesoplenty:overworld_rare to index 3 for type OVERWORLD
[20:16:41] [main/INFO]: Registered region biomesoplenty:nether_common to index 1 for type NETHER
[20:16:41] [main/INFO]: Registered region biomesoplenty:nether_rare to index 2 for type NETHER
[20:16:41] [main/INFO]: !?
[20:16:41] [main/INFO]: Registering Mod Items for torchesntrinkets
[20:16:41] [main/INFO]: Registering Item Groups fortorchesntrinkets
[20:16:41] [main/INFO]: Registered the FluidEffect with Unique ID of minecraft:water for minecraft:water 81000 with the ID 0
[20:16:41] [main/INFO]: Registered the FluidEffect with Unique ID of minecraft:lava for minecraft:lava 81000 with the ID 1
[20:16:41] [main/INFO]: Registered the FluidEffect with Unique ID of travelersbackpack:potion for travelersbackpack:potion_still 27000 with the ID 2
[20:16:41] [main/INFO]: Registered the FluidEffect with Unique ID of travelersbackpack:milk for travelersbackpack:milk_still 81000 with the ID 3
[20:16:41] [main/INFO]: CHEESE FOR EVERYONE
[20:16:41] [main/INFO]: Constructing common components for visualworkbench:main
[20:16:42] [main/INFO]: Reflections took 2 ms to scan 1 urls, producing 1 keys and 3 values
[20:16:42] [main/INFO]: Reflections took 2 ms to scan 1 urls, producing 1 keys and 3 values
[20:16:42] [main/INFO]: Reflections took 1 ms to scan 1 urls, producing 1 keys and 2 values
[20:16:42] [main/INFO]: Reflections took 1 ms to scan 1 urls, producing 1 keys and 2 values
[20:16:42] [main/INFO]: Reflections took 2 ms to scan 1 urls, producing 1 keys and 2 values
[20:16:42] [main/INFO]: Reflections took 1 ms to scan 1 urls, producing 1 keys and 2 values
[20:16:42] [main/WARN]: Failed to find custom wood type biomesoplenty:maple
[20:16:42] [main/WARN]: Failed to find custom wood type biomesoplenty:orange_autumn
[20:16:42] [main/WARN]: Failed to find custom wood type biomesoplenty:yellow_autumn
[20:16:42] [main/INFO]: Initialized block sets in 16ms
[20:16:42] [main/INFO]: Loaded config fastpaintings-common.json
[20:16:42] [main/INFO]: Initialized color sets in 22ms
[20:16:42] [main/INFO]: Environment: Environment[sessionHost=https://sessionserver.mojang.com, servicesHost=https://api.minecraftservices.com, name=PROD]
[20:16:42] [main/INFO]: Found new data pack torchesntrinkets, loading it automatically
[20:16:45] [Worker-Main-3/ERROR]: Couldn't parse element loot_tables:ctov:chests/village/village_forager - No key expand in MapLike[{"type":"minecraft:tag","weight":1,"name":"byg:all/saplings"}]; No key expand in MapLike[{"type":"minecraft:tag","weight":1,"name":"byg:mushrooms_for_foragers_table"}]
[20:16:45] [main/INFO]: Loaded 15 recipes
[20:16:45] [main/ERROR]: Parsing error loading custom advancement naturescompass:natures_compass: Not a json array: "minecraft:compass" missed input: {"has_compass":{"trigger":"minecraft:inventory_changed","conditions":{"items":[{"items":"minecraft:compass"}]}}}
[20:16:45] [main/INFO]: Loaded 2839 advancements
[20:16:45] [main/INFO]: Reloading grave shape (server)
[20:16:45] [main/INFO]: Grave model and shape reload successful (server)
[20:16:45] [main/INFO]: Reloading YIGD graveyard data (server)
[20:16:45] [main/INFO]: Graveyard data successfully reloaded (server)
[20:16:45] [main/INFO]: Reloading YIGD grave area overrides (server)
[20:16:45] [main/INFO]: Grave area overrides successfully reloaded (server)
[20:16:46] [main/INFO]: Initialized TerraBlender biomes for level stem minecraft:the_nether
[20:16:46] [main/INFO]: Initialized TerraBlender biomes for level stem minecraft:overworld
[20:16:46] [main/INFO]: Applied 1741 biome modifications to 251 of 251 new biomes in 61.14 ms
[20:16:46] [Server thread/INFO]: Loading server config for easyanvils
[20:16:46] [Thread-2/INFO]: Reloading server config for easyanvils
[20:16:46] [Server thread/INFO]: Loading server config for pickupnotifier
[20:16:46] [Thread-2/INFO]: Reloading server config for easyanvils
[20:16:46] [Server thread/INFO]: Loading server config for visualworkbench
[20:16:46] [Thread-2/INFO]: Reloading server config for pickupnotifier
[20:16:46] [Server thread/INFO]: Starting minecraft server version 1.20.4
[20:16:46] [Server thread/INFO]: Loading properties
[20:16:46] [Server thread/INFO]: Default game type: SURVIVAL
[20:16:46] [Server thread/INFO]: Generating keypair
[20:16:47] [Server thread/INFO]: Starting Minecraft server on *:25565
[20:16:47] [Server thread/INFO]: Using epoll channel type
[20:16:47] [Server thread/WARN]: **** SERVER IS RUNNING IN OFFLINE/INSECURE MODE!
[20:16:47] [Server thread/WARN]: The server will make no attempt to authenticate usernames. Beware.
[20:16:47] [Server thread/WARN]: While this makes the game possible to play without internet access, it also opens up the ability for hackers to connect with any username they choose.
[20:16:47] [Server thread/WARN]: To change this, set "online-mode" to "true" in the server.properties file.
[20:16:47] [Server thread/INFO]: Preparing level "world"
[20:16:47] [Server thread/INFO]: Preparing start region for dimension minecraft:overworld
[20:16:49] [Server thread/INFO]: Preparing spawn area: 0%
[20:16:49] [Server thread/INFO]: Preparing spawn area: 0%
[20:16:49] [Server thread/INFO]: Preparing spawn area: 0%
[20:16:49] [Server thread/INFO]: Preparing spawn area: 0%
[20:16:49] [Server thread/INFO]: Time elapsed: 1868 ms
[20:16:49] [Server thread/INFO]: Done (2.527s)! For help, type "help"
[20:16:49] [Server thread/WARN]: Dedicated server took 24.315 seconds to load
[20:16:49] [Server thread/INFO]: Loaded Reach Entity Attributes scaler
[20:16:49] [Server thread/INFO]: Start loading plugin from Global XP
[20:16:49] [Server thread/INFO]: Start loading plugin from Jade
[20:16:49] [Server thread/INFO]: Start loading plugin from Jade
[20:16:49] [Server thread/INFO]: Start loading plugin from Jade
[20:16:49] [Server thread/INFO]: Start loading plugin from Jade
[20:16:49] [Server thread/INFO]: Start loading plugin from Waystones
[20:16:49] [Server thread/INFO]: Loaded values for 16 compatible attributes.
[20:16:49] [Server thread/INFO]: Loaded 16 values from config.
[20:16:49] [Server thread/INFO]: Saving config file. 16 entries.
[20:16:49] [Server thread/INFO]: Applying changes for 16 attributes.
[20:17:27] [Server thread/INFO]: Byakko4146[/10.242.222.233:56091] logged in with entity id 63 at (383.7080952365401, 80.0625, 1232.708567440228)
[20:17:27] [Server thread/INFO]: Loading config from file...
[20:17:28] [Server thread/INFO]: Byakko4146 joined the game
[20:17:28] [Netty Epoll Server IO #2/INFO]: [showmeyourskin] Client of Byakko4146 accepted server config.
[20:17:29] [Netty Epoll Server IO #2/INFO]: Channel update: Byakko4146 -> "1"
[20:17:29] [Netty Epoll Server IO #2/INFO]: Priority overwritten for player Byakko4146. Claiming: GRAVE / Robbing: INVENTORY
[20:23:12] [ForkJoinPool.commonPool-worker-3/WARN]: Failed to fetch skin 'mojang:MetaPresi'
java.lang.IllegalStateException: not found
	at net.lionarius.skinrestorer.util.WebUtils.throwOnClientErrors(WebUtils.java:77) ~[skinrestorer-2.4.3+1.20.3-fabric.jar:?]
	at net.lionarius.skinrestorer.skin.provider.MojangSkinProvider.getProfile(MojangSkinProvider.java:129) ~[skinrestorer-2.4.3+1.20.3-fabric.jar:?]
	at net.lionarius.skinrestorer.skin.provider.MojangSkinProvider.lambda$static$0(MojangSkinProvider.java:53) ~[skinrestorer-2.4.3+1.20.3-fabric.jar:?]
	at net.minecraft.class_3312.method_14509(class_3312.java:95) ~[server-intermediary.jar:?]
	at net.minecraft.class_3312.method_14515(class_3312.java:150) ~[server-intermediary.jar:?]
	at net.lionarius.skinrestorer.skin.provider.MojangSkinProvider.fetchSkin(MojangSkinProvider.java:100) ~[skinrestorer-2.4.3+1.20.3-fabric.jar:?]
	at net.minecraft.class_3248.mdd276c0$skinrestorer$lambda$skinrestorer$fetchSkin$1$1(class_3248.java:2078) ~[server-intermediary.jar:?]
	at java.util.Optional.map(Optional.java:260) ~[?:?]
	at net.minecraft.class_3248.skinrestorer$fetchSkin(class_3248.java:2077) ~[server-intermediary.jar:?]
	at net.minecraft.class_3248.mdd276c0$skinrestorer$lambda$waitForSkin$0$2(class_3248.java:2062) ~[server-intermediary.jar:?]
	at java.util.concurrent.CompletableFuture$AsyncSupply.run(CompletableFuture.java:1768) ~[?:?]
	at java.util.concurrent.CompletableFuture$AsyncSupply.exec(CompletableFuture.java:1760) ~[?:?]
	at java.util.concurrent.ForkJoinTask.doExec(ForkJoinTask.java:387) ~[?:?]
	at java.util.concurrent.ForkJoinPool$WorkQueue.topLevelExec(ForkJoinPool.java:1312) ~[?:?]
	at java.util.concurrent.ForkJoinPool.scan(ForkJoinPool.java:1843) ~[?:?]
	at java.util.concurrent.ForkJoinPool.runWorker(ForkJoinPool.java:1808) ~[?:?]
	at java.util.concurrent.ForkJoinWorkerThread.run(ForkJoinWorkerThread.java:188) ~[?:?]
[20:23:14] [Server thread/INFO]: MetaPresi[/10.242.6.164:52669] logged in with entity id 1399 at (-89.52745352134448, 74.0, 979.3000000119209)
[20:23:14] [Server thread/INFO]: Loading config from file...
[20:23:14] [Server thread/INFO]: MetaPresi joined the game
[20:23:14] [Netty Epoll Server IO #4/INFO]: [showmeyourskin] Client of MetaPresi accepted server config.
[20:23:14] [Netty Epoll Server IO #4/INFO]: Channel update: MetaPresi -> "1"
[20:23:14] [Netty Epoll Server IO #4/INFO]: Priority overwritten for player MetaPresi. Claiming: GRAVE / Robbing: INVENTORY
[20:23:41] [Server thread/INFO]: [Not Secure] <MetaPresi> ping please
[20:23:49] [Server thread/INFO]: [Not Secure] <MetaPresi> joputa
